1555171695485	geckodriver	INFO	geckodriver 0.21.0
1555171695494	geckodriver	INFO	Listening on 127.0.0.1:55869
1555171698530	mozrunner::runner	INFO	Running command: "C:\\Program Files\\Mozilla Firefox\\firefox.exe" "-marionette" "-headless" "-foreground" "-no-remote" "-profile" "C:\\Users\\bayegy\\AppData\\Local\\Temp\\rust_mozprofile.YSbniqQ2MEVY"
*** You are running in headless mode.
1555171698844	addons.webextension.screenshots@mozilla.org	WARN	Loading extension 'screenshots@mozilla.org': Reading manifest: Invalid extension permission: mozillaAddons
1555171698844	addons.webextension.screenshots@mozilla.org	WARN	Loading extension 'screenshots@mozilla.org': Reading manifest: Invalid extension permission: resource://pdf.js/
1555171699144	addons.webextension.screenshots@mozilla.org	WARN	Loading extension 'screenshots@mozilla.org': Reading manifest: Invalid extension permission: about:reader*
1555171699224	Marionette	TRACE	Received observer notification profile-after-change
1555171699268	Marionette	TRACE	Received observer notification toplevel-window-ready
1555171699285	Marionette	TRACE	Received observer notification command-line-startup
1555171699285	Marionette	TRACE	Received observer notification nsPref:changed
1555171699285	Marionette	DEBUG	Init aborted (running=false, enabled=true, finalUIStartup=false)
1555171699331	Marionette	TRACE	Received observer notification toplevel-window-ready
1555171699860	Marionette	TRACE	Received observer notification sessionstore-windows-restored
1555171699861	Marionette	TRACE	Waiting until startup recorder finished recording startup scripts...
1555171699956	Marionette	TRACE	All scripts recorded.
1555171699956	Marionette	DEBUG	Setting recommended pref app.update.disabledForTesting to true
1555171699956	Marionette	DEBUG	Setting recommended pref apz.content_response_timeout to 60000
1555171699957	Marionette	DEBUG	Setting recommended pref browser.contentblocking.introCount to 99
1555171699957	Marionette	DEBUG	Setting recommended pref browser.download.panel.shown to true
1555171699957	Marionette	DEBUG	Setting recommended pref browser.newtabpage.enabled to false
1555171699957	Marionette	DEBUG	Setting recommended pref browser.pagethumbnails.capturing_disabled to true
1555171699957	Marionette	DEBUG	Setting recommended pref browser.search.update to false
1555171699957	Marionette	DEBUG	Setting recommended pref browser.tabs.disableBackgroundZombification to false
1555171699958	Marionette	DEBUG	Setting recommended pref browser.tabs.warnOnCloseOtherTabs to false
1555171699958	Marionette	DEBUG	Setting recommended pref browser.tabs.warnOnOpen to false
1555171699958	Marionette	DEBUG	Setting recommended pref browser.usedOnWindows10.introURL to 
1555171699958	Marionette	DEBUG	Setting recommended pref browser.urlbar.suggest.searches to false
1555171699958	Marionette	DEBUG	Setting recommended pref datareporting.policy.dataSubmissionPolicyAccepted to false
1555171699958	Marionette	DEBUG	Setting recommended pref dom.disable_beforeunload to true
1555171699958	Marionette	DEBUG	Setting recommended pref dom.disable_open_during_load to false
1555171699958	Marionette	DEBUG	Setting recommended pref dom.file.createInChild to true
1555171699958	Marionette	DEBUG	Setting recommended pref dom.max_chrome_script_run_time to 0
1555171699958	Marionette	DEBUG	Setting recommended pref dom.max_script_run_time to 0
1555171699959	Marionette	DEBUG	Setting recommended pref extensions.getAddons.cache.enabled to false
1555171699959	Marionette	DEBUG	Setting recommended pref extensions.webservice.discoverURL to http://%(server)s/dummy/discoveryURL
1555171699959	Marionette	DEBUG	Setting recommended pref network.http.prompt-temp-redirect to false
1555171699959	Marionette	DEBUG	Setting recommended pref network.http.speculative-parallel-limit to 0
1555171699959	Marionette	DEBUG	Setting recommended pref security.fileuri.strict_origin_policy to false
1555171699959	Marionette	DEBUG	Setting recommended pref security.notification_enable_delay to 0
1555171699959	Marionette	DEBUG	Setting recommended pref signon.autofillForms to false
1555171699959	Marionette	DEBUG	Setting recommended pref signon.rememberSignons to false
1555171699959	Marionette	DEBUG	Setting recommended pref toolkit.cosmeticAnimations.enabled to false
1555171699984	Marionette	INFO	Listening on port 55877
1555171699984	Marionette	DEBUG	Remote service is active
1555171700153	Marionette	DEBUG	Accepted connection 0 from 127.0.0.1:55885
1555171700159	Marionette	DEBUG	0 -> [0,1,"WebDriver:NewSession",{"acceptInsecureCerts":true,"browserName":"firefox","capabilities":{"desiredCapabilities":{"acceptInsecureCerts":true,"browserName":"firefox"}}}]
1555171700159	Marionette	WARN	TLS certificate errors will be ignored for this session
1555171700183	Marionette	TRACE	[6442450945] Frame script loaded
1555171700184	Marionette	TRACE	[6442450945] Frame script registered
1555171700187	Marionette	DEBUG	0 <- [1,1,null,{"sessionId":"7354d44c-2dd3-431b-8fad-4378773dbac0","capabilities":{"browserName":"firefox","browserVersion":"66.0. ... alse,"moz:webdriverClick":true,"capabilities":{"desiredCapabilities":{"acceptInsecureCerts":true,"browserName":"firefox"}}}}]
1555171700234	Marionette	DEBUG	0 -> [0,2,"WebDriver:Navigate",{"url":"http://www.goubanjia.com/"}]
1555171700238	Marionette	TRACE	[6442450945] Received DOM event beforeunload for about:blank
1555171700353	Marionette	TRACE	[6442450945] Received DOM event pagehide for about:blank
1555171700641	Marionette	TRACE	[6442450945] Received DOM event DOMContentLoaded for http://www.goubanjia.com/
1555171700916	Marionette	TRACE	[6442450945] Received DOM event pageshow for http://www.goubanjia.com/
1555171700917	Marionette	DEBUG	0 <- [1,2,null,{"value":null}]
1555171700923	Marionette	DEBUG	0 -> [0,3,"WebDriver:GetPageSource",{}]
1555171700925	Marionette	DEBUG	0 <- [1,3,null,{"value":"<html lang=\"zh-CN\"><!--<![endif]--><head>\n<meta charset=\"utf-8\">\n<meta http-equiv=\"X-UA-Compatible ... \"text/javascript\" src=\"http://www.goubanjia.com/theme/goubanjia/javascript/pde.js?v=1.0\"></script>\n\n\n</body></html>"}]
console.error: BroadcastService: 
  receivedBroadcastMessage: handler for
  remote-settings/monitor_changes
  threw error:
  Message: Error: Polling for changes failed: NetworkError when attempting to fetch resource..
  Stack:
    remoteSettingsFunction/remoteSettings.pollChanges@resource://services-settings/remote-settings.js:190:13

1555172060707	addons.productaddons	ERROR	Request failed certificate checks: [Exception... "Certificate checks failed. See previous errors for details."  nsresult: "0x80070057 (NS_ERROR_ILLEGAL_VALUE)"  location: "JS frame :: resource://gre/modules/CertUtils.jsm :: validateCert :: line 108"  data: no]
1555172098896	Marionette	DEBUG	Closed connection 0
1555172210750	addons.productaddons	WARN	Failed downloading XML, status: 0, reason: error
1555172210787	addons.xpi	ERROR	Failed to download system add-on gmp-gmpopenh264: Error: File C:\Users\bayegy\AppData\Local\Temp\tmpaddon-9953ec does not contain a valid manifest(resource://gre/modules/addons/XPIInstall.jsm:557:11) JS Stack trace: loadManifest@XPIInstall.jsm:557:11
1555172210998	addons.productaddons	WARN	Failed downloading via XHR, status: 0, reason: error
1555172210998	addons.xpi	ERROR	Failed to download system add-on gmp-widevinecdm: Error: Failed downloading via XHR, status: 0, reason: error(resource://gre/modules/addons/ProductAddonChecker.jsm:312:16) JS Stack trace: fail@ProductAddonChecker.jsm:312:16
1555172210999	addons.manager	WARN	Failed to update system addons: Error: Rejecting updated system add-on set that either could not be downloaded or contained unusable add-ons.(resource://gre/modules/addons/XPIInstall.jsm:3469:13) JS Stack trace: updateSystemAddons@XPIInstall.jsm:3469:13
